<?xml version="1.0" encoding="UTF-8"?>
<testsuite name="com.OpenHomePageTests" tests="1" skipped="0" failures="0" errors="0" timestamp="2020-10-03T05:36:20" hostname="DESKTOP-NJCDU5V" time="0.032">
  <properties/>
  <testcase name="homePageTest" classname="com.OpenHomePageTests" time="0.032"/>
  <system-out><![CDATA[site opened
FindCarForm : true
]]></system-out>
  <system-err><![CDATA[Starting ChromeDriver 85.0.4183.87 (cd6713ebf92fa1cacc0f1a598df280093af0c5d7-refs/branch-heads/4183@{#1689}) on port 33033
Only local connections are allowed.
Please see https://chromedriver.chromium.org/security-considerations for suggestions on keeping ChromeDriver safe.
ChromeDriver was started successfully.
окт 03, 2020 8:35:45 AM org.openqa.selenium.remote.ProtocolHandshake createSession
INFO: Detected dialect: W3C
]]></system-err>
</testsuite>
